[0m13:15:27.511496 [debug] [MainThread]: Sending event: {'category': 'dbt', 'action': 'invocation', 'label': 'start', 'context': [<snowplow_tracker.self_describing_json.SelfDescribingJson object at 0x0000025492C75150>, <snowplow_tracker.self_describing_json.SelfDescribingJson object at 0x0000025494F0FD60>, <snowplow_tracker.self_describing_json.SelfDescribingJson object at 0x0000025494F0FB80>]}


============================== 13:15:27.519245 | fcdc1a2e-ae4f-4804-8526-99b2f9394ed5 ==============================
[0m13:15:27.519245 [info ] [MainThread]: Running with dbt=1.11.4
[0m13:15:27.520245 [debug] [MainThread]: running dbt with arguments {'static_parser': 'True', 'no_print': 'None', 'version_check': 'True', 'target_path': 'None', 'warn_error_options': 'WarnErrorOptionsV2(error=[], warn=[], silence=[])', 'printer_width': '80', 'write_json': 'True', 'empty': 'None', 'log_cache_events': 'False', 'introspect': 'True', 'cache_selected_only': 'False', 'fail_fast': 'False', 'debug': 'False', 'log_format': 'default', 'profiles_dir': 'C:\\Users\\samis\\.dbt', 'send_anonymous_usage_stats': 'True', 'quiet': 'False', 'warn_error': 'None', 'partial_parse': 'True', 'indirect_selection': 'eager', 'use_colors': 'True', 'invocation_command': 'dbt init supply_chain_dbt', 'use_experimental_parser': 'False', 'log_path': 'logs'}
[0m13:15:27.574576 [debug] [MainThread]: Starter project path: C:\Users\samis\supply-chain-ae-pipeline\.venv\lib\site-packages\dbt\include\starter_project
[0m13:15:27.697422 [info ] [MainThread]: 
Your new dbt project "supply_chain_dbt" was created!

For more information on how to configure the profiles.yml file,
please consult the dbt documentation here:

  https://docs.getdbt.com/docs/configure-your-profile

One more thing:

Need help? Don't hesitate to reach out to us via GitHub issues or on Slack:

  https://community.getdbt.com/

Happy modeling!

[0m13:15:27.698424 [info ] [MainThread]: Setting up your profile.
[0m13:23:45.010500 [info ] [MainThread]: Profile supply_chain_dbt written to C:\Users\samis\.dbt\profiles.yml using target's profile_template.yml and your supplied values. Run 'dbt debug' to validate the connection.
[0m13:23:45.102478 [debug] [MainThread]: Command `dbt init` succeeded at 13:23:45.099217 after 497.76 seconds
[0m13:23:45.114647 [debug] [MainThread]: Sending event: {'category': 'dbt', 'action': 'invocation', 'label': 'end', 'context': [<snowplow_tracker.self_describing_json.SelfDescribingJson object at 0x0000025492C75150>, <snowplow_tracker.self_describing_json.SelfDescribingJson object at 0x00000254AFC8B5B0>, <snowplow_tracker.self_describing_json.SelfDescribingJson object at 0x00000254AFC880A0>]}
[0m13:23:45.121318 [debug] [MainThread]: Flushing usage events
[0m13:23:45.573222 [debug] [MainThread]: An error was encountered while trying to flush usage events
